<?xml version="1.0" encoding="UTF-8"?>
<testsuite name="com.builders.utils.BuildersUtilTest" tests="1" skipped="0" failures="0" errors="0" timestamp="2022-08-09T14:52:33" hostname="EPHUSZEW0453" time="0.007">
  <properties/>
  <testcase name="testHello" classname="com.builders.utils.BuildersUtilTest" time="0.007"/>
  <system-out><![CDATA[]]></system-out>
  <system-err><![CDATA[]]></system-err>
</testsuite>
