<?xml version="1.0" encoding="UTF-8"?>
<testsuite name="com.builders.admin.AdminEntryPointTest" tests="1" skipped="0" failures="0" errors="0" timestamp="2022-08-04T13:35:10" hostname="EPHUSZEW0453" time="0.006">
  <properties/>
  <testcase name="testHello" classname="com.builders.admin.AdminEntryPointTest" time="0.006"/>
  <system-out><![CDATA[]]></system-out>
  <system-err><![CDATA[]]></system-err>
</testsuite>
