<?xml version="1.0" encoding="UTF-8"?>
<testsuite name="com.builders.services.BuilderServiceTest" tests="1" skipped="0" failures="0" errors="0" timestamp="2022-08-04T12:44:36" hostname="EPHUSZEW0453" time="0.009">
  <properties/>
  <testcase name="testHello" classname="com.builders.services.BuilderServiceTest" time="0.009"/>
  <system-out><![CDATA[]]></system-out>
  <system-err><![CDATA[]]></system-err>
</testsuite>
